[2025-01-15T12:53:30.142+0000] {local_task_job_runner.py:123} INFO - ::group::Pre task execution logs
[2025-01-15T12:53:30.155+0000] {taskinstance.py:2613} INFO - Dependencies all met for dep_context=non-requeueable deps ti=<TaskInstance: travel_price_prediction.ridge_regression_task manual__2025-01-15T12:52:33.953897+00:00 [queued]>
[2025-01-15T12:53:30.165+0000] {taskinstance.py:2613} INFO - Dependencies all met for dep_context=requeueable deps ti=<TaskInstance: travel_price_prediction.ridge_regression_task manual__2025-01-15T12:52:33.953897+00:00 [queued]>
[2025-01-15T12:53:30.166+0000] {taskinstance.py:2866} INFO - Starting attempt 1 of 2
[2025-01-15T12:53:30.187+0000] {taskinstance.py:2889} INFO - Executing <Task(PythonOperator): ridge_regression_task> on 2025-01-15 12:52:33.953897+00:00
[2025-01-15T12:53:30.200+0000] {standard_task_runner.py:104} INFO - Running: ['airflow', 'tasks', 'run', 'travel_price_prediction', 'ridge_regression_task', 'manual__2025-01-15T12:52:33.953897+00:00', '--job-id', '26', '--raw', '--subdir', 'DAGS_FOLDER/flight-price-pred-dag.py', '--cfg-path', '/tmp/tmpckvc3824']
[2025-01-15T12:53:30.201+0000] {standard_task_runner.py:105} INFO - Job 26: Subtask ridge_regression_task
[2025-01-15T12:53:30.204+0000] {logging_mixin.py:190} WARNING - /home/airflow/.local/lib/python3.12/site-packages/airflow/task/task_runner/standard_task_runner.py:70 DeprecationWarning: This process (pid=789) is multi-threaded, use of fork() may lead to deadlocks in the child.
[2025-01-15T12:53:30.205+0000] {standard_task_runner.py:72} INFO - Started process 806 to run task
[2025-01-15T12:53:30.249+0000] {task_command.py:467} INFO - Running <TaskInstance: travel_price_prediction.ridge_regression_task manual__2025-01-15T12:52:33.953897+00:00 [running]> on host 8cbc293a4ff9
[2025-01-15T12:53:30.472+0000] {taskinstance.py:3132} INFO - Exporting env vars: AIRFLOW_CTX_DAG_OWNER='admin' AIRFLOW_CTX_DAG_ID='travel_price_prediction' AIRFLOW_CTX_TASK_ID='ridge_regression_task' AIRFLOW_CTX_EXECUTION_DATE='2025-01-15T12:52:33.953897+00:00' AIRFLOW_CTX_TRY_NUMBER='1' AIRFLOW_CTX_DAG_RUN_ID='manual__2025-01-15T12:52:33.953897+00:00'
[2025-01-15T12:53:30.473+0000] {taskinstance.py:731} INFO - ::endgroup::
[2025-01-15T12:53:30.483+0000] {logging_mixin.py:190} INFO - Fitting 5 folds for each of 4 candidates, totalling 20 fits
[2025-01-15T12:53:30.657+0000] {logging_mixin.py:190} INFO - [CV] END ..........................................alpha=0.1; total time=   0.2s
[2025-01-15T12:53:30.755+0000] {logging_mixin.py:190} INFO - [CV] END ..........................................alpha=0.1; total time=   0.1s
[2025-01-15T12:53:30.845+0000] {logging_mixin.py:190} INFO - [CV] END ..........................................alpha=0.1; total time=   0.1s
[2025-01-15T12:53:30.930+0000] {logging_mixin.py:190} INFO - [CV] END ..........................................alpha=0.1; total time=   0.1s
[2025-01-15T12:53:31.057+0000] {logging_mixin.py:190} INFO - [CV] END ..........................................alpha=0.1; total time=   0.1s
[2025-01-15T12:53:31.148+0000] {logging_mixin.py:190} INFO - [CV] END ............................................alpha=1; total time=   0.1s
[2025-01-15T12:53:31.252+0000] {logging_mixin.py:190} INFO - [CV] END ............................................alpha=1; total time=   0.1s
[2025-01-15T12:53:31.371+0000] {logging_mixin.py:190} INFO - [CV] END ............................................alpha=1; total time=   0.1s
[2025-01-15T12:53:31.467+0000] {logging_mixin.py:190} INFO - [CV] END ............................................alpha=1; total time=   0.1s
[2025-01-15T12:53:31.552+0000] {logging_mixin.py:190} INFO - [CV] END ............................................alpha=1; total time=   0.1s
[2025-01-15T12:53:31.644+0000] {logging_mixin.py:190} INFO - [CV] END ...........................................alpha=10; total time=   0.1s
[2025-01-15T12:53:31.732+0000] {logging_mixin.py:190} INFO - [CV] END ...........................................alpha=10; total time=   0.1s
[2025-01-15T12:53:31.820+0000] {logging_mixin.py:190} INFO - [CV] END ...........................................alpha=10; total time=   0.1s
[2025-01-15T12:53:31.909+0000] {logging_mixin.py:190} INFO - [CV] END ...........................................alpha=10; total time=   0.1s
[2025-01-15T12:53:31.995+0000] {logging_mixin.py:190} INFO - [CV] END ...........................................alpha=10; total time=   0.1s
[2025-01-15T12:53:32.082+0000] {logging_mixin.py:190} INFO - [CV] END ..........................................alpha=100; total time=   0.1s
[2025-01-15T12:53:32.207+0000] {logging_mixin.py:190} INFO - [CV] END ..........................................alpha=100; total time=   0.1s
[2025-01-15T12:53:32.329+0000] {logging_mixin.py:190} INFO - [CV] END ..........................................alpha=100; total time=   0.1s
[2025-01-15T12:53:32.415+0000] {logging_mixin.py:190} INFO - [CV] END ..........................................alpha=100; total time=   0.1s
[2025-01-15T12:53:32.500+0000] {logging_mixin.py:190} INFO - [CV] END ..........................................alpha=100; total time=   0.1s
[2025-01-15T12:53:32.675+0000] {logging_mixin.py:190} INFO - Train Set Metrics:
[2025-01-15T12:53:32.676+0000] {logging_mixin.py:190} INFO - ----------------------------------------------
[2025-01-15T12:53:32.695+0000] {logging_mixin.py:190} INFO - MSE is 10594.059450767163
[2025-01-15T12:53:32.696+0000] {logging_mixin.py:190} INFO - R2 score is 0.9192092996325555
[2025-01-15T12:53:32.696+0000] {logging_mixin.py:190} INFO - Test Set Metrics
[2025-01-15T12:53:32.696+0000] {logging_mixin.py:190} INFO - ----------------------------------------------
[2025-01-15T12:53:32.705+0000] {logging_mixin.py:190} INFO - MSE is 10568.549621367058
[2025-01-15T12:53:32.706+0000] {logging_mixin.py:190} INFO - R2 score is 0.9197438157394879
[2025-01-15T12:53:32.712+0000] {logging_mixin.py:190} INFO - The top 5 rows of actual vs predicted values for Ridhe Regression
[2025-01-15T12:53:32.717+0000] {logging_mixin.py:190} INFO -     Actual Value  Predicted Value
0        481.42       507.675487
1       1124.11      1152.858195
2       1174.97      1259.867789
3        898.67      1032.107215
4        959.91       995.824942
[2025-01-15T12:53:32.718+0000] {python.py:240} INFO - Done. Returned value was: None
[2025-01-15T12:53:32.728+0000] {taskinstance.py:340} INFO - ::group::Post task execution logs
[2025-01-15T12:53:32.729+0000] {taskinstance.py:352} INFO - Marking task as SUCCESS. dag_id=travel_price_prediction, task_id=ridge_regression_task, run_id=manual__2025-01-15T12:52:33.953897+00:00, execution_date=20250115T125233, start_date=20250115T125330, end_date=20250115T125332
[2025-01-15T12:53:32.788+0000] {local_task_job_runner.py:266} INFO - Task exited with return code 0
[2025-01-15T12:53:32.802+0000] {taskinstance.py:3895} INFO - 0 downstream tasks scheduled from follow-on schedule check
[2025-01-15T12:53:32.803+0000] {local_task_job_runner.py:245} INFO - ::endgroup::
