[2025-01-15T12:13:28.382+0000] {local_task_job_runner.py:123} INFO - ::group::Pre task execution logs
[2025-01-15T12:13:28.397+0000] {taskinstance.py:2613} INFO - Dependencies all met for dep_context=non-requeueable deps ti=<TaskInstance: travel_price_prediction.transform_data_task manual__2025-01-15T12:11:04.345977+00:00 [queued]>
[2025-01-15T12:13:28.408+0000] {taskinstance.py:2613} INFO - Dependencies all met for dep_context=requeueable deps ti=<TaskInstance: travel_price_prediction.transform_data_task manual__2025-01-15T12:11:04.345977+00:00 [queued]>
[2025-01-15T12:13:28.408+0000] {taskinstance.py:2866} INFO - Starting attempt 2 of 2
[2025-01-15T12:13:28.429+0000] {taskinstance.py:2889} INFO - Executing <Task(PythonOperator): transform_data_task> on 2025-01-15 12:11:04.345977+00:00
[2025-01-15T12:13:28.442+0000] {standard_task_runner.py:104} INFO - Running: ['airflow', 'tasks', 'run', 'travel_price_prediction', 'transform_data_task', 'manual__2025-01-15T12:11:04.345977+00:00', '--job-id', '10', '--raw', '--subdir', 'DAGS_FOLDER/flight-price-pred-dag.py', '--cfg-path', '/tmp/tmp3hy3mw67']
[2025-01-15T12:13:28.443+0000] {standard_task_runner.py:105} INFO - Job 10: Subtask transform_data_task
[2025-01-15T12:13:28.445+0000] {logging_mixin.py:190} WARNING - /home/airflow/.local/lib/python3.12/site-packages/airflow/task/task_runner/standard_task_runner.py:70 DeprecationWarning: This process (pid=198) is multi-threaded, use of fork() may lead to deadlocks in the child.
[2025-01-15T12:13:28.446+0000] {standard_task_runner.py:72} INFO - Started process 215 to run task
[2025-01-15T12:13:28.489+0000] {task_command.py:467} INFO - Running <TaskInstance: travel_price_prediction.transform_data_task manual__2025-01-15T12:11:04.345977+00:00 [running]> on host b8ff4300e95f
[2025-01-15T12:13:28.723+0000] {taskinstance.py:3132} INFO - Exporting env vars: AIRFLOW_CTX_DAG_OWNER='admin' AIRFLOW_CTX_DAG_ID='travel_price_prediction' AIRFLOW_CTX_TASK_ID='transform_data_task' AIRFLOW_CTX_EXECUTION_DATE='2025-01-15T12:11:04.345977+00:00' AIRFLOW_CTX_TRY_NUMBER='2' AIRFLOW_CTX_DAG_RUN_ID='manual__2025-01-15T12:11:04.345977+00:00'
[2025-01-15T12:13:28.723+0000] {taskinstance.py:731} INFO - ::endgroup::
[2025-01-15T12:13:31.071+0000] {python.py:240} INFO - Done. Returned value was: (        is_weekend  distance  ...  agency_FlyingDrops  agency_Rainbow
230046           0  0.433676  ...                 0.0             0.0
31870            0  0.017922  ...                 0.0             0.0
77947            0  0.242478  ...                 0.0             1.0
69869            0  0.042091  ...                 0.0             1.0
215948           0 -0.385963  ...                 0.0             1.0
...            ...       ...  ...                 ...             ...
119879           0 -0.055255  ...                 0.0             0.0
259178           0  0.620183  ...                 0.0             1.0
131932           0 -0.117760  ...                 0.0             0.0
146867           0 -1.812554  ...                 0.0             0.0
121958           0 -0.117760  ...                 1.0             0.0

[203916 rows x 33 columns], 230046     636.51
31870     1313.76
77947     1386.46
69869      932.22
215948     317.08
           ...   
119879     793.15
259178    1013.40
131932    1149.38
146867     620.16
121958    1052.60
Name: price, Length: 203916, dtype: float64,         is_weekend  distance  ...  agency_FlyingDrops  agency_Rainbow
226840           0 -0.385963  ...                 0.0             1.0
31439            0  0.042091  ...                 0.0             0.0
260515           0  1.253458  ...                 0.0             0.0
265574           0  1.870461  ...                 0.0             0.0
14311            1 -0.055255  ...                 0.0             0.0
...            ...       ...  ...                 ...             ...
123032           0  0.128572  ...                 0.0             1.0
8663             1  1.358796  ...                 0.0             1.0
208594           0  0.620183  ...                 0.0             0.0
116371           1  0.128572  ...                 0.0             1.0
266509           1  0.128572  ...                 0.0             0.0

[67972 rows x 33 columns], 226840     481.42
31439     1124.11
260515    1174.97
265574     898.67
14311      959.91
           ...   
123032    1030.13
8663       826.02
208594     918.66
116371     857.32
266509    1446.34
Name: price, Length: 67972, dtype: float64)
[2025-01-15T12:13:31.175+0000] {local_task_job_runner.py:127} ERROR - Received SIGTERM. Terminating subprocesses
[2025-01-15T12:13:31.192+0000] {process_utils.py:132} INFO - Sending 15 to group 215. PIDs of all processes in the group: [215]
[2025-01-15T12:13:31.193+0000] {process_utils.py:87} INFO - Sending the signal 15 to group 215
[2025-01-15T12:13:31.209+0000] {taskinstance.py:3093} ERROR - Received SIGTERM. Terminating subprocesses.
[2025-01-15T12:13:31.334+0000] {local_task_job_runner.py:127} ERROR - Received SIGTERM. Terminating subprocesses
[2025-01-15T12:13:31.336+0000] {process_utils.py:132} INFO - Sending 15 to group 215. PIDs of all processes in the group: [215]
[2025-01-15T12:13:31.338+0000] {process_utils.py:87} INFO - Sending the signal 15 to group 215
[2025-01-15T12:13:31.340+0000] {taskinstance.py:3093} ERROR - Received SIGTERM. Terminating subprocesses.
[2025-01-15T12:13:31.341+0000] {taskinstance.py:340} INFO - ::group::Post task execution logs
