[2025-01-15T11:43:03.491+0000] {manager.py:483} INFO - Processing files using up to 1 processes at a time 
[2025-01-15T11:43:03.492+0000] {manager.py:484} INFO - Process each file at most once every 30 seconds
[2025-01-15T11:43:03.492+0000] {manager.py:485} INFO - Checking for new files in /opt/airflow/dags every 300 seconds
[2025-01-15T11:43:03.493+0000] {manager.py:821} INFO - Searching for files in /opt/airflow/dags
[2025-01-15T11:43:03.501+0000] {manager.py:824} INFO - There are 2 files in /opt/airflow/dags
[2025-01-15T11:43:23.368+0000] {manager.py:997} INFO - 
================================================================================
DAG File Processing Stats

File Path                                   PID    Runtime      # DAGs    # Errors  Last Runtime    Last Run               Last # of DB Queries
------------------------------------------  -----  ---------  --------  ----------  --------------  -------------------  ----------------------
/opt/airflow/dags/flight-price-pred-dag.py                           1           0  19.77s          2025-01-15T11:43:23                      43
/opt/airflow/dags/simple-dag.py                                      0           0                                                            0
================================================================================
[2025-01-15T11:44:09.963+0000] {manager.py:997} INFO - 
================================================================================
DAG File Processing Stats

File Path                                   PID    Runtime      # DAGs    # Errors  Last Runtime    Last Run               Last # of DB Queries
------------------------------------------  -----  ---------  --------  ----------  --------------  -------------------  ----------------------
/opt/airflow/dags/flight-price-pred-dag.py                           1           0  16.34s          2025-01-15T11:44:09                      10
/opt/airflow/dags/simple-dag.py                                      1           0  1.61s           2025-01-15T11:43:26                      45
================================================================================
[2025-01-15T11:44:52.469+0000] {manager.py:997} INFO - 
================================================================================
DAG File Processing Stats

File Path                                   PID    Runtime      # DAGs    # Errors  Last Runtime    Last Run               Last # of DB Queries
------------------------------------------  -----  ---------  --------  ----------  --------------  -------------------  ----------------------
/opt/airflow/dags/flight-price-pred-dag.py                           1           0  12.34s          2025-01-15T11:44:52                      10
/opt/airflow/dags/simple-dag.py                                      1           0  0.91s           2025-01-15T11:44:12                      12
================================================================================
[2025-01-15T11:45:42.439+0000] {manager.py:997} INFO - 
================================================================================
DAG File Processing Stats

File Path                                   PID    Runtime      # DAGs    # Errors  Last Runtime    Last Run               Last # of DB Queries
------------------------------------------  -----  ---------  --------  ----------  --------------  -------------------  ----------------------
/opt/airflow/dags/flight-price-pred-dag.py                           1           0  19.78s          2025-01-15T11:45:42                      10
/opt/airflow/dags/simple-dag.py                                      1           0  1.11s           2025-01-15T11:44:54                      12
================================================================================
[2025-01-15T11:46:37.951+0000] {manager.py:997} INFO - 
================================================================================
DAG File Processing Stats

File Path                                   PID    Runtime      # DAGs    # Errors  Last Runtime    Last Run               Last # of DB Queries
------------------------------------------  -----  ---------  --------  ----------  --------------  -------------------  ----------------------
/opt/airflow/dags/flight-price-pred-dag.py                           1           0  12.64s          2025-01-15T11:46:37                      10
/opt/airflow/dags/simple-dag.py                                      1           0  2.11s           2025-01-15T11:46:06                      12
================================================================================
[2025-01-15T11:47:19.275+0000] {manager.py:997} INFO - 
================================================================================
DAG File Processing Stats

File Path                                   PID    Runtime      # DAGs    # Errors  Last Runtime    Last Run               Last # of DB Queries
------------------------------------------  -----  ---------  --------  ----------  --------------  -------------------  ----------------------
/opt/airflow/dags/flight-price-pred-dag.py                           1           0  11.14s          2025-01-15T11:47:19                      10
/opt/airflow/dags/simple-dag.py                                      1           0  0.90s           2025-01-15T11:46:40                      12
================================================================================
[2025-01-15T11:48:02.899+0000] {manager.py:997} INFO - 
================================================================================
DAG File Processing Stats

File Path                                   PID    Runtime      # DAGs    # Errors  Last Runtime    Last Run               Last # of DB Queries
------------------------------------------  -----  ---------  --------  ----------  --------------  -------------------  ----------------------
/opt/airflow/dags/flight-price-pred-dag.py                           1           0  13.35s          2025-01-15T11:48:02                      10
/opt/airflow/dags/simple-dag.py                                      1           0  1.12s           2025-01-15T11:47:21                      12
================================================================================
[2025-01-15T11:48:05.539+0000] {manager.py:821} INFO - Searching for files in /opt/airflow/dags
[2025-01-15T11:48:05.549+0000] {manager.py:824} INFO - There are 2 files in /opt/airflow/dags
[2025-01-15T11:48:44.368+0000] {manager.py:997} INFO - 
================================================================================
DAG File Processing Stats

File Path                                   PID    Runtime      # DAGs    # Errors  Last Runtime    Last Run               Last # of DB Queries
------------------------------------------  -----  ---------  --------  ----------  --------------  -------------------  ----------------------
/opt/airflow/dags/flight-price-pred-dag.py                           1           0  11.23s          2025-01-15T11:48:44                      10
/opt/airflow/dags/simple-dag.py                                      1           0  1.00s           2025-01-15T11:48:04                      12
================================================================================
[2025-01-15T11:49:25.361+0000] {manager.py:997} INFO - 
================================================================================
DAG File Processing Stats

File Path                                   PID    Runtime      # DAGs    # Errors  Last Runtime    Last Run               Last # of DB Queries
------------------------------------------  -----  ---------  --------  ----------  --------------  -------------------  ----------------------
/opt/airflow/dags/flight-price-pred-dag.py                           1           0  10.83s          2025-01-15T11:49:25                      10
/opt/airflow/dags/simple-dag.py                                      1           0  0.90s           2025-01-15T11:48:45                      12
================================================================================
[2025-01-15T11:50:07.865+0000] {manager.py:997} INFO - 
================================================================================
DAG File Processing Stats

File Path                                   PID    Runtime      # DAGs    # Errors  Last Runtime    Last Run               Last # of DB Queries
------------------------------------------  -----  ---------  --------  ----------  --------------  -------------------  ----------------------
/opt/airflow/dags/flight-price-pred-dag.py                           1           0  12.34s          2025-01-15T11:50:07                      10
/opt/airflow/dags/simple-dag.py                                      1           0  0.82s           2025-01-15T11:49:27                      12
================================================================================
[2025-01-15T11:50:48.962+0000] {manager.py:997} INFO - 
================================================================================
DAG File Processing Stats

File Path                                   PID    Runtime      # DAGs    # Errors  Last Runtime    Last Run               Last # of DB Queries
------------------------------------------  -----  ---------  --------  ----------  --------------  -------------------  ----------------------
/opt/airflow/dags/flight-price-pred-dag.py                           1           0  10.93s          2025-01-15T11:50:48                      10
/opt/airflow/dags/simple-dag.py                                      1           0  0.90s           2025-01-15T11:50:09                      12
================================================================================
[2025-01-15T11:51:30.364+0000] {manager.py:997} INFO - 
================================================================================
DAG File Processing Stats

File Path                                   PID    Runtime      # DAGs    # Errors  Last Runtime    Last Run               Last # of DB Queries
------------------------------------------  -----  ---------  --------  ----------  --------------  -------------------  ----------------------
/opt/airflow/dags/flight-price-pred-dag.py                           1           0  11.23s          2025-01-15T11:51:30                      10
/opt/airflow/dags/simple-dag.py                                      1           0  0.91s           2025-01-15T11:50:50                      12
================================================================================
[2025-01-15T11:52:11.658+0000] {manager.py:997} INFO - 
================================================================================
DAG File Processing Stats

File Path                                   PID    Runtime      # DAGs    # Errors  Last Runtime    Last Run               Last # of DB Queries
------------------------------------------  -----  ---------  --------  ----------  --------------  -------------------  ----------------------
/opt/airflow/dags/flight-price-pred-dag.py                           1           0  11.13s          2025-01-15T11:52:11                      10
/opt/airflow/dags/simple-dag.py                                      1           0  1.01s           2025-01-15T11:51:32                      12
================================================================================
[2025-01-15T11:52:52.745+0000] {manager.py:997} INFO - 
================================================================================
DAG File Processing Stats

File Path                                   PID    Runtime      # DAGs    # Errors  Last Runtime    Last Run               Last # of DB Queries
------------------------------------------  -----  ---------  --------  ----------  --------------  -------------------  ----------------------
/opt/airflow/dags/flight-price-pred-dag.py                           1           0  10.93s          2025-01-15T11:52:52                      10
/opt/airflow/dags/simple-dag.py                                      1           0  0.90s           2025-01-15T11:52:13                      12
================================================================================
[2025-01-15T11:53:05.602+0000] {manager.py:821} INFO - Searching for files in /opt/airflow/dags
[2025-01-15T11:53:05.610+0000] {manager.py:824} INFO - There are 2 files in /opt/airflow/dags
[2025-01-15T11:53:33.843+0000] {manager.py:997} INFO - 
================================================================================
DAG File Processing Stats

File Path                                   PID    Runtime      # DAGs    # Errors  Last Runtime    Last Run               Last # of DB Queries
------------------------------------------  -----  ---------  --------  ----------  --------------  -------------------  ----------------------
/opt/airflow/dags/flight-price-pred-dag.py                           1           0  10.93s          2025-01-15T11:53:33                      10
/opt/airflow/dags/simple-dag.py                                      1           0  0.81s           2025-01-15T11:52:54                      12
================================================================================
[2025-01-15T11:54:16.549+0000] {manager.py:997} INFO - 
================================================================================
DAG File Processing Stats

File Path                                   PID    Runtime      # DAGs    # Errors  Last Runtime    Last Run               Last # of DB Queries
------------------------------------------  -----  ---------  --------  ----------  --------------  -------------------  ----------------------
/opt/airflow/dags/flight-price-pred-dag.py                           1           0  12.54s          2025-01-15T11:54:16                      10
/opt/airflow/dags/simple-dag.py                                      1           0  1.00s           2025-01-15T11:53:35                      12
================================================================================
[2025-01-15T11:54:58.999+0000] {manager.py:997} INFO - 
================================================================================
DAG File Processing Stats

File Path                                   PID    Runtime      # DAGs    # Errors  Last Runtime    Last Run               Last # of DB Queries
------------------------------------------  -----  ---------  --------  ----------  --------------  -------------------  ----------------------
/opt/airflow/dags/flight-price-pred-dag.py                           1           0  12.33s          2025-01-15T11:54:58                      10
/opt/airflow/dags/simple-dag.py                                      1           0  1.01s           2025-01-15T11:54:18                      12
================================================================================
[2025-01-15T11:55:29.009+0000] {manager.py:997} INFO - 
================================================================================
DAG File Processing Stats

File Path                                   PID    Runtime      # DAGs    # Errors  Last Runtime    Last Run               Last # of DB Queries
------------------------------------------  -----  ---------  --------  ----------  --------------  -------------------  ----------------------
/opt/airflow/dags/flight-price-pred-dag.py                           1           0  12.33s          2025-01-15T11:54:58                      10
/opt/airflow/dags/simple-dag.py                                      1           0  0.90s           2025-01-15T11:55:01                      12
================================================================================
[2025-01-15T11:55:59.162+0000] {manager.py:997} INFO - 
================================================================================
DAG File Processing Stats

File Path                                   PID    Runtime      # DAGs    # Errors  Last Runtime    Last Run               Last # of DB Queries
------------------------------------------  -----  ---------  --------  ----------  --------------  -------------------  ----------------------
/opt/airflow/dags/flight-price-pred-dag.py                           1           0  11.23s          2025-01-15T11:55:40                      10
/opt/airflow/dags/simple-dag.py                                      1           0  1.11s           2025-01-15T11:55:42                      12
================================================================================
[2025-01-15T11:56:29.249+0000] {manager.py:997} INFO - 
================================================================================
DAG File Processing Stats

File Path                                   PID    Runtime      # DAGs    # Errors  Last Runtime    Last Run               Last # of DB Queries
------------------------------------------  -----  ---------  --------  ----------  --------------  -------------------  ----------------------
/opt/airflow/dags/flight-price-pred-dag.py                           1           0  12.44s          2025-01-15T11:56:23                      10
/opt/airflow/dags/simple-dag.py                                      1           0  1.01s           2025-01-15T11:56:25                      12
================================================================================
[2025-01-15T11:57:04.846+0000] {manager.py:997} INFO - 
================================================================================
DAG File Processing Stats

File Path                                   PID    Runtime      # DAGs    # Errors  Last Runtime    Last Run               Last # of DB Queries
------------------------------------------  -----  ---------  --------  ----------  --------------  -------------------  ----------------------
/opt/airflow/dags/flight-price-pred-dag.py                           1           0  11.63s          2025-01-15T11:57:04                      10
/opt/airflow/dags/simple-dag.py                                      1           0  1.01s           2025-01-15T11:56:25                      12
================================================================================
[2025-01-15T11:57:46.755+0000] {manager.py:997} INFO - 
================================================================================
DAG File Processing Stats

File Path                                   PID    Runtime      # DAGs    # Errors  Last Runtime    Last Run               Last # of DB Queries
------------------------------------------  -----  ---------  --------  ----------  --------------  -------------------  ----------------------
/opt/airflow/dags/flight-price-pred-dag.py                           1           0  11.73s          2025-01-15T11:57:46                      10
/opt/airflow/dags/simple-dag.py                                      1           0  0.91s           2025-01-15T11:57:06                      12
================================================================================
[2025-01-15T11:58:06.039+0000] {manager.py:821} INFO - Searching for files in /opt/airflow/dags
[2025-01-15T11:58:06.047+0000] {manager.py:824} INFO - There are 2 files in /opt/airflow/dags
[2025-01-15T11:58:28.452+0000] {manager.py:997} INFO - 
================================================================================
DAG File Processing Stats

File Path                                   PID    Runtime      # DAGs    # Errors  Last Runtime    Last Run               Last # of DB Queries
------------------------------------------  -----  ---------  --------  ----------  --------------  -------------------  ----------------------
/opt/airflow/dags/flight-price-pred-dag.py                           1           0  11.53s          2025-01-15T11:58:28                      10
/opt/airflow/dags/simple-dag.py                                      1           0  0.91s           2025-01-15T11:57:48                      12
================================================================================
[2025-01-15T11:59:10.161+0000] {manager.py:997} INFO - 
================================================================================
DAG File Processing Stats

File Path                                   PID    Runtime      # DAGs    # Errors  Last Runtime    Last Run               Last # of DB Queries
------------------------------------------  -----  ---------  --------  ----------  --------------  -------------------  ----------------------
/opt/airflow/dags/flight-price-pred-dag.py                           1           0  11.54s          2025-01-15T11:59:10                      10
/opt/airflow/dags/simple-dag.py                                      1           0  0.91s           2025-01-15T11:58:30                      12
================================================================================
[2025-01-15T11:59:51.465+0000] {manager.py:997} INFO - 
================================================================================
DAG File Processing Stats

File Path                                   PID    Runtime      # DAGs    # Errors  Last Runtime    Last Run               Last # of DB Queries
------------------------------------------  -----  ---------  --------  ----------  --------------  -------------------  ----------------------
/opt/airflow/dags/flight-price-pred-dag.py                           1           0  11.13s          2025-01-15T11:59:51                      10
/opt/airflow/dags/simple-dag.py                                      1           0  0.91s           2025-01-15T11:59:12                      12
================================================================================
[2025-01-15T12:00:33.065+0000] {manager.py:997} INFO - 
================================================================================
DAG File Processing Stats

File Path                                   PID    Runtime      # DAGs    # Errors  Last Runtime    Last Run               Last # of DB Queries
------------------------------------------  -----  ---------  --------  ----------  --------------  -------------------  ----------------------
/opt/airflow/dags/flight-price-pred-dag.py                           1           0  11.43s          2025-01-15T12:00:33                      10
/opt/airflow/dags/simple-dag.py                                      1           0  0.81s           2025-01-15T11:59:53                      12
================================================================================
[2025-01-15T12:01:14.084+0000] {manager.py:997} INFO - 
================================================================================
DAG File Processing Stats

File Path                                   PID    Runtime      # DAGs    # Errors  Last Runtime    Last Run               Last # of DB Queries
------------------------------------------  -----  ---------  --------  ----------  --------------  -------------------  ----------------------
/opt/airflow/dags/flight-price-pred-dag.py                           1           0  10.83s          2025-01-15T12:01:14                      10
/opt/airflow/dags/simple-dag.py                                      1           0  0.91s           2025-01-15T12:00:35                      12
================================================================================
[2025-01-15T12:01:55.403+0000] {manager.py:997} INFO - 
================================================================================
DAG File Processing Stats

File Path                                   PID    Runtime      # DAGs    # Errors  Last Runtime    Last Run               Last # of DB Queries
------------------------------------------  -----  ---------  --------  ----------  --------------  -------------------  ----------------------
/opt/airflow/dags/flight-price-pred-dag.py                           1           0  11.15s          2025-01-15T12:01:55                      10
/opt/airflow/dags/simple-dag.py                                      1           0  0.91s           2025-01-15T12:01:16                      12
================================================================================
[2025-01-15T12:02:37.406+0000] {manager.py:997} INFO - 
================================================================================
DAG File Processing Stats

File Path                                   PID    Runtime      # DAGs    # Errors  Last Runtime    Last Run               Last # of DB Queries
------------------------------------------  -----  ---------  --------  ----------  --------------  -------------------  ----------------------
/opt/airflow/dags/flight-price-pred-dag.py                           1           0  11.84s          2025-01-15T12:02:37                      10
/opt/airflow/dags/simple-dag.py                                      1           0  0.81s           2025-01-15T12:01:57                      12
================================================================================
[2025-01-15T12:03:06.809+0000] {manager.py:821} INFO - Searching for files in /opt/airflow/dags
[2025-01-15T12:03:06.816+0000] {manager.py:824} INFO - There are 2 files in /opt/airflow/dags
[2025-01-15T12:03:18.500+0000] {manager.py:997} INFO - 
================================================================================
DAG File Processing Stats

File Path                                   PID    Runtime      # DAGs    # Errors  Last Runtime    Last Run               Last # of DB Queries
------------------------------------------  -----  ---------  --------  ----------  --------------  -------------------  ----------------------
/opt/airflow/dags/flight-price-pred-dag.py                           1           0  10.93s          2025-01-15T12:03:18                      10
/opt/airflow/dags/simple-dag.py                                      1           0  0.81s           2025-01-15T12:02:39                      12
================================================================================
[2025-01-15T12:04:00.821+0000] {manager.py:997} INFO - 
================================================================================
DAG File Processing Stats

File Path                                   PID    Runtime      # DAGs    # Errors  Last Runtime    Last Run               Last # of DB Queries
------------------------------------------  -----  ---------  --------  ----------  --------------  -------------------  ----------------------
/opt/airflow/dags/flight-price-pred-dag.py                           1           0  12.13s          2025-01-15T12:04:00                      10
/opt/airflow/dags/simple-dag.py                                      1           0  0.91s           2025-01-15T12:03:20                      12
================================================================================
[2025-01-15T12:04:42.666+0000] {manager.py:997} INFO - 
================================================================================
DAG File Processing Stats

File Path                                   PID    Runtime      # DAGs    # Errors  Last Runtime    Last Run               Last # of DB Queries
------------------------------------------  -----  ---------  --------  ----------  --------------  -------------------  ----------------------
/opt/airflow/dags/flight-price-pred-dag.py                           1           0  11.64s          2025-01-15T12:04:42                      10
/opt/airflow/dags/simple-dag.py                                      1           0  0.91s           2025-01-15T12:04:02                      12
================================================================================
[2025-01-15T12:05:24.172+0000] {manager.py:997} INFO - 
================================================================================
DAG File Processing Stats

File Path                                   PID    Runtime      # DAGs    # Errors  Last Runtime    Last Run               Last # of DB Queries
------------------------------------------  -----  ---------  --------  ----------  --------------  -------------------  ----------------------
/opt/airflow/dags/flight-price-pred-dag.py                           1           0  11.33s          2025-01-15T12:05:24                      10
/opt/airflow/dags/simple-dag.py                                      1           0  0.81s           2025-01-15T12:04:44                      12
================================================================================
[2025-01-15T12:06:06.977+0000] {manager.py:997} INFO - 
================================================================================
DAG File Processing Stats

File Path                                   PID    Runtime      # DAGs    # Errors  Last Runtime    Last Run               Last # of DB Queries
------------------------------------------  -----  ---------  --------  ----------  --------------  -------------------  ----------------------
/opt/airflow/dags/flight-price-pred-dag.py                           1           0  12.64s          2025-01-15T12:06:06                      10
/opt/airflow/dags/simple-dag.py                                      1           0  0.80s           2025-01-15T12:05:26                      12
================================================================================
[2025-01-15T12:06:48.902+0000] {manager.py:997} INFO - 
================================================================================
DAG File Processing Stats

File Path                                   PID    Runtime      # DAGs    # Errors  Last Runtime    Last Run               Last # of DB Queries
------------------------------------------  -----  ---------  --------  ----------  --------------  -------------------  ----------------------
/opt/airflow/dags/flight-price-pred-dag.py                           1           0  11.73s          2025-01-15T12:06:48                      10
/opt/airflow/dags/simple-dag.py                                      1           0  0.81s           2025-01-15T12:06:08                      12
================================================================================
[2025-01-15T12:07:21.087+0000] {manager.py:997} INFO - 
================================================================================
DAG File Processing Stats

File Path                                   PID    Runtime      # DAGs    # Errors  Last Runtime    Last Run               Last # of DB Queries
------------------------------------------  -----  ---------  --------  ----------  --------------  -------------------  ----------------------
/opt/airflow/dags/flight-price-pred-dag.py                           0           1  2.01s           2025-01-15T12:07:21                       3
/opt/airflow/dags/simple-dag.py                                      1           0  0.91s           2025-01-15T12:06:50                      12
================================================================================
[2025-01-15T12:07:53.270+0000] {manager.py:997} INFO - 
================================================================================
DAG File Processing Stats

File Path                                   PID    Runtime      # DAGs    # Errors  Last Runtime    Last Run               Last # of DB Queries
------------------------------------------  -----  ---------  --------  ----------  --------------  -------------------  ----------------------
/opt/airflow/dags/flight-price-pred-dag.py                           0           1  2.01s           2025-01-15T12:07:53                       5
/opt/airflow/dags/simple-dag.py                                      1           0  0.91s           2025-01-15T12:07:23                      12
================================================================================
[2025-01-15T12:08:06.892+0000] {manager.py:821} INFO - Searching for files in /opt/airflow/dags
[2025-01-15T12:08:06.898+0000] {manager.py:824} INFO - There are 2 files in /opt/airflow/dags
[2025-01-15T12:08:25.355+0000] {manager.py:997} INFO - 
================================================================================
DAG File Processing Stats

File Path                                   PID    Runtime      # DAGs    # Errors  Last Runtime    Last Run               Last # of DB Queries
------------------------------------------  -----  ---------  --------  ----------  --------------  -------------------  ----------------------
/opt/airflow/dags/flight-price-pred-dag.py                           0           1  1.91s           2025-01-15T12:08:25                       5
/opt/airflow/dags/simple-dag.py                                      1           0  0.81s           2025-01-15T12:07:55                      12
================================================================================
[2025-01-15T12:09:06.947+0000] {manager.py:997} INFO - 
================================================================================
DAG File Processing Stats

File Path                                   PID    Runtime      # DAGs    # Errors  Last Runtime    Last Run               Last # of DB Queries
------------------------------------------  -----  ---------  --------  ----------  --------------  -------------------  ----------------------
/opt/airflow/dags/flight-price-pred-dag.py                           1           0  13.94s          2025-01-15T12:09:06                      32
/opt/airflow/dags/simple-dag.py                                      1           0  0.80s           2025-01-15T12:08:27                      12
================================================================================
[2025-01-15T12:10:25.653+0000] {manager.py:483} INFO - Processing files using up to 1 processes at a time 
[2025-01-15T12:10:25.654+0000] {manager.py:484} INFO - Process each file at most once every 30 seconds
[2025-01-15T12:10:25.655+0000] {manager.py:485} INFO - Checking for new files in /opt/airflow/dags every 300 seconds
[2025-01-15T12:10:25.655+0000] {manager.py:821} INFO - Searching for files in /opt/airflow/dags
[2025-01-15T12:10:25.669+0000] {manager.py:824} INFO - There are 2 files in /opt/airflow/dags
[2025-01-15T12:10:48.994+0000] {manager.py:997} INFO - 
================================================================================
DAG File Processing Stats

File Path                                   PID    Runtime      # DAGs    # Errors  Last Runtime    Last Run               Last # of DB Queries
------------------------------------------  -----  ---------  --------  ----------  --------------  -------------------  ----------------------
/opt/airflow/dags/flight-price-pred-dag.py                           1           0  23.04s          2025-01-15T12:10:48                      10
/opt/airflow/dags/simple-dag.py                                      0           0                                                            0
================================================================================
[2025-01-15T12:11:46.102+0000] {manager.py:997} INFO - 
================================================================================
DAG File Processing Stats

File Path                                   PID    Runtime      # DAGs    # Errors  Last Runtime    Last Run               Last # of DB Queries
------------------------------------------  -----  ---------  --------  ----------  --------------  -------------------  ----------------------
/opt/airflow/dags/flight-price-pred-dag.py                           1           0  13.14s          2025-01-15T12:11:46                      10
/opt/airflow/dags/simple-dag.py                                      1           0  1.53s           2025-01-15T12:10:51                      12
================================================================================
[2025-01-15T12:12:29.761+0000] {manager.py:997} INFO - 
================================================================================
DAG File Processing Stats

File Path                                   PID    Runtime      # DAGs    # Errors  Last Runtime    Last Run               Last # of DB Queries
------------------------------------------  -----  ---------  --------  ----------  --------------  -------------------  ----------------------
/opt/airflow/dags/flight-price-pred-dag.py                           1           0  12.53s          2025-01-15T12:12:29                      10
/opt/airflow/dags/simple-dag.py                                      1           0  1.21s           2025-01-15T12:12:07                      12
================================================================================
[2025-01-15T12:13:12.480+0000] {manager.py:997} INFO - 
================================================================================
DAG File Processing Stats

File Path                                   PID    Runtime      # DAGs    # Errors  Last Runtime    Last Run               Last # of DB Queries
------------------------------------------  -----  ---------  --------  ----------  --------------  -------------------  ----------------------
/opt/airflow/dags/flight-price-pred-dag.py                           1           0  12.44s          2025-01-15T12:13:12                      10
/opt/airflow/dags/simple-dag.py                                      1           0  0.91s           2025-01-15T12:12:39                      12
================================================================================
[2025-01-15T12:13:55.324+0000] {manager.py:483} INFO - Processing files using up to 1 processes at a time 
[2025-01-15T12:13:55.326+0000] {manager.py:484} INFO - Process each file at most once every 30 seconds
[2025-01-15T12:13:55.326+0000] {manager.py:485} INFO - Checking for new files in /opt/airflow/dags every 300 seconds
[2025-01-15T12:13:55.327+0000] {manager.py:821} INFO - Searching for files in /opt/airflow/dags
[2025-01-15T12:13:55.339+0000] {manager.py:824} INFO - There are 2 files in /opt/airflow/dags
[2025-01-15T12:14:14.574+0000] {manager.py:997} INFO - 
================================================================================
DAG File Processing Stats

File Path                                   PID    Runtime      # DAGs    # Errors  Last Runtime    Last Run               Last # of DB Queries
------------------------------------------  -----  ---------  --------  ----------  --------------  -------------------  ----------------------
/opt/airflow/dags/flight-price-pred-dag.py                           1           0  19.06s          2025-01-15T12:14:14                      10
/opt/airflow/dags/simple-dag.py                                      0           0                                                            0
================================================================================
[2025-01-15T12:14:59.880+0000] {manager.py:997} INFO - 
================================================================================
DAG File Processing Stats

File Path                                   PID    Runtime      # DAGs    # Errors  Last Runtime    Last Run               Last # of DB Queries
------------------------------------------  -----  ---------  --------  ----------  --------------  -------------------  ----------------------
/opt/airflow/dags/flight-price-pred-dag.py                           1           0  15.25s          2025-01-15T12:14:59                      10
/opt/airflow/dags/simple-dag.py                                      1           0  1.31s           2025-01-15T12:14:34                      12
================================================================================
[2025-01-15T12:15:42.419+0000] {manager.py:997} INFO - 
================================================================================
DAG File Processing Stats

File Path                                   PID    Runtime      # DAGs    # Errors  Last Runtime    Last Run               Last # of DB Queries
------------------------------------------  -----  ---------  --------  ----------  --------------  -------------------  ----------------------
/opt/airflow/dags/flight-price-pred-dag.py                           1           0  12.33s          2025-01-15T12:15:42                      10
/opt/airflow/dags/simple-dag.py                                      1           0  0.91s           2025-01-15T12:15:05                      12
================================================================================
[2025-01-15T12:16:24.987+0000] {manager.py:997} INFO - 
================================================================================
DAG File Processing Stats

File Path                                   PID    Runtime      # DAGs    # Errors  Last Runtime    Last Run               Last # of DB Queries
------------------------------------------  -----  ---------  --------  ----------  --------------  -------------------  ----------------------
/opt/airflow/dags/flight-price-pred-dag.py                           1           0  12.44s          2025-01-15T12:16:24                      10
/opt/airflow/dags/simple-dag.py                                      1           0  0.81s           2025-01-15T12:15:44                      12
================================================================================
[2025-01-15T12:17:07.610+0000] {manager.py:997} INFO - 
================================================================================
DAG File Processing Stats

File Path                                   PID    Runtime      # DAGs    # Errors  Last Runtime    Last Run               Last # of DB Queries
------------------------------------------  -----  ---------  --------  ----------  --------------  -------------------  ----------------------
/opt/airflow/dags/flight-price-pred-dag.py                           1           0  12.43s          2025-01-15T12:17:07                      10
/opt/airflow/dags/simple-dag.py                                      1           0  0.91s           2025-01-15T12:16:27                      12
================================================================================
[2025-01-15T12:17:50.037+0000] {manager.py:997} INFO - 
================================================================================
DAG File Processing Stats

File Path                                   PID    Runtime      # DAGs    # Errors  Last Runtime    Last Run               Last # of DB Queries
------------------------------------------  -----  ---------  --------  ----------  --------------  -------------------  ----------------------
/opt/airflow/dags/flight-price-pred-dag.py                           1           0  12.14s          2025-01-15T12:17:50                      10
/opt/airflow/dags/simple-dag.py                                      1           0  0.91s           2025-01-15T12:17:09                      12
================================================================================
[2025-01-15T12:18:33.047+0000] {manager.py:997} INFO - 
================================================================================
DAG File Processing Stats

File Path                                   PID    Runtime      # DAGs    # Errors  Last Runtime    Last Run               Last # of DB Queries
------------------------------------------  -----  ---------  --------  ----------  --------------  -------------------  ----------------------
/opt/airflow/dags/flight-price-pred-dag.py                           1           0  12.84s          2025-01-15T12:18:33                      10
/opt/airflow/dags/simple-dag.py                                      1           0  1.01s           2025-01-15T12:17:52                      12
================================================================================
[2025-01-15T12:18:56.384+0000] {manager.py:821} INFO - Searching for files in /opt/airflow/dags
[2025-01-15T12:18:56.391+0000] {manager.py:824} INFO - There are 2 files in /opt/airflow/dags
[2025-01-15T12:19:14.461+0000] {manager.py:997} INFO - 
================================================================================
DAG File Processing Stats

File Path                                   PID    Runtime      # DAGs    # Errors  Last Runtime    Last Run               Last # of DB Queries
------------------------------------------  -----  ---------  --------  ----------  --------------  -------------------  ----------------------
/opt/airflow/dags/flight-price-pred-dag.py                           1           0  11.24s          2025-01-15T12:19:14                      10
/opt/airflow/dags/simple-dag.py                                      1           0  1.11s           2025-01-15T12:18:35                      12
================================================================================
[2025-01-15T12:19:57.261+0000] {manager.py:997} INFO - 
================================================================================
DAG File Processing Stats

File Path                                   PID    Runtime      # DAGs    # Errors  Last Runtime    Last Run               Last # of DB Queries
------------------------------------------  -----  ---------  --------  ----------  --------------  -------------------  ----------------------
/opt/airflow/dags/flight-price-pred-dag.py                           1           0  12.64s          2025-01-15T12:19:57                      10
/opt/airflow/dags/simple-dag.py                                      1           0  0.91s           2025-01-15T12:19:16                      12
================================================================================
[2025-01-15T12:20:32.211+0000] {manager.py:997} INFO - 
================================================================================
DAG File Processing Stats

File Path                                   PID    Runtime      # DAGs    # Errors  Last Runtime    Last Run               Last # of DB Queries
------------------------------------------  -----  ---------  --------  ----------  --------------  -------------------  ----------------------
/opt/airflow/dags/flight-price-pred-dag.py                           1           0  14.74s          2025-01-15T12:20:32                      10
/opt/airflow/dags/simple-dag.py                                      1           0  1.11s           2025-01-15T12:19:59                      12
================================================================================
[2025-01-15T12:21:19.270+0000] {manager.py:997} INFO - 
================================================================================
DAG File Processing Stats

File Path                                   PID    Runtime      # DAGs    # Errors  Last Runtime    Last Run               Last # of DB Queries
------------------------------------------  -----  ---------  --------  ----------  --------------  -------------------  ----------------------
/opt/airflow/dags/flight-price-pred-dag.py                           1           0  14.74s          2025-01-15T12:21:19                      10
/opt/airflow/dags/simple-dag.py                                      1           0  1.11s           2025-01-15T12:20:34                      12
================================================================================
[2025-01-15T12:21:49.753+0000] {manager.py:997} INFO - 
================================================================================
DAG File Processing Stats

File Path                                   PID    Runtime      # DAGs    # Errors  Last Runtime    Last Run               Last # of DB Queries
------------------------------------------  -----  ---------  --------  ----------  --------------  -------------------  ----------------------
/opt/airflow/dags/flight-price-pred-dag.py                           1           0  14.74s          2025-01-15T12:21:19                      10
/opt/airflow/dags/simple-dag.py                                      1           0  1.52s           2025-01-15T12:21:49                      12
================================================================================
[2025-01-15T12:22:31.767+0000] {manager.py:997} INFO - 
================================================================================
DAG File Processing Stats

File Path                                   PID    Runtime      # DAGs    # Errors  Last Runtime    Last Run               Last # of DB Queries
------------------------------------------  -----  ---------  --------  ----------  --------------  -------------------  ----------------------
/opt/airflow/dags/flight-price-pred-dag.py                           1           0  13.86s          2025-01-15T12:22:31                      10
/opt/airflow/dags/simple-dag.py                                      1           0  1.52s           2025-01-15T12:21:49                      12
================================================================================
[2025-01-15T12:23:16.304+0000] {manager.py:997} INFO - 
================================================================================
DAG File Processing Stats

File Path                                   PID    Runtime      # DAGs    # Errors  Last Runtime    Last Run               Last # of DB Queries
------------------------------------------  -----  ---------  --------  ----------  --------------  -------------------  ----------------------
/opt/airflow/dags/flight-price-pred-dag.py                           1           0  14.14s          2025-01-15T12:23:16                      10
/opt/airflow/dags/simple-dag.py                                      1           0  1.11s           2025-01-15T12:22:34                      12
================================================================================
[2025-01-15T12:23:59.437+0000] {manager.py:997} INFO - 
================================================================================
DAG File Processing Stats

File Path                                   PID    Runtime      # DAGs    # Errors  Last Runtime    Last Run               Last # of DB Queries
------------------------------------------  -----  ---------  --------  ----------  --------------  -------------------  ----------------------
/opt/airflow/dags/flight-price-pred-dag.py                           1           0  12.94s          2025-01-15T12:23:59                      10
/opt/airflow/dags/simple-dag.py                                      1           0  1.01s           2025-01-15T12:23:18                      12
================================================================================
[2025-01-15T12:24:00.580+0000] {manager.py:821} INFO - Searching for files in /opt/airflow/dags
[2025-01-15T12:24:00.595+0000] {manager.py:824} INFO - There are 2 files in /opt/airflow/dags
[2025-01-15T12:24:42.471+0000] {manager.py:997} INFO - 
================================================================================
DAG File Processing Stats

File Path                                   PID    Runtime      # DAGs    # Errors  Last Runtime    Last Run               Last # of DB Queries
------------------------------------------  -----  ---------  --------  ----------  --------------  -------------------  ----------------------
/opt/airflow/dags/flight-price-pred-dag.py                           1           0  12.84s          2025-01-15T12:24:42                      10
/opt/airflow/dags/simple-dag.py                                      1           0  1.21s           2025-01-15T12:24:01                      12
================================================================================
[2025-01-15T12:25:25.880+0000] {manager.py:997} INFO - 
================================================================================
DAG File Processing Stats

File Path                                   PID    Runtime      # DAGs    # Errors  Last Runtime    Last Run               Last # of DB Queries
------------------------------------------  -----  ---------  --------  ----------  --------------  -------------------  ----------------------
/opt/airflow/dags/flight-price-pred-dag.py                           1           0  13.14s          2025-01-15T12:25:25                      10
/opt/airflow/dags/simple-dag.py                                      1           0  0.91s           2025-01-15T12:24:44                      12
================================================================================
[2025-01-15T12:26:09.009+0000] {manager.py:997} INFO - 
================================================================================
DAG File Processing Stats

File Path                                   PID    Runtime      # DAGs    # Errors  Last Runtime    Last Run               Last # of DB Queries
------------------------------------------  -----  ---------  --------  ----------  --------------  -------------------  ----------------------
/opt/airflow/dags/flight-price-pred-dag.py                           1           0  12.95s          2025-01-15T12:26:09                      10
/opt/airflow/dags/simple-dag.py                                      1           0  1.01s           2025-01-15T12:25:27                      12
================================================================================
[2025-01-15T12:26:52.537+0000] {manager.py:997} INFO - 
================================================================================
DAG File Processing Stats

File Path                                   PID    Runtime      # DAGs    # Errors  Last Runtime    Last Run               Last # of DB Queries
------------------------------------------  -----  ---------  --------  ----------  --------------  -------------------  ----------------------
/opt/airflow/dags/flight-price-pred-dag.py                           1           0  13.35s          2025-01-15T12:26:52                      10
/opt/airflow/dags/simple-dag.py                                      1           0  1.01s           2025-01-15T12:26:11                      12
================================================================================
[2025-01-15T12:27:36.559+0000] {manager.py:997} INFO - 
================================================================================
DAG File Processing Stats

File Path                                   PID    Runtime      # DAGs    # Errors  Last Runtime    Last Run               Last # of DB Queries
------------------------------------------  -----  ---------  --------  ----------  --------------  -------------------  ----------------------
/opt/airflow/dags/flight-price-pred-dag.py                           1           0  13.84s          2025-01-15T12:27:36                      10
/opt/airflow/dags/simple-dag.py                                      1           0  0.91s           2025-01-15T12:26:54                      12
================================================================================
[2025-01-15T12:28:19.749+0000] {manager.py:997} INFO - 
================================================================================
DAG File Processing Stats

File Path                                   PID    Runtime      # DAGs    # Errors  Last Runtime    Last Run               Last # of DB Queries
------------------------------------------  -----  ---------  --------  ----------  --------------  -------------------  ----------------------
/opt/airflow/dags/flight-price-pred-dag.py                           1           0  13.14s          2025-01-15T12:28:19                      10
/opt/airflow/dags/simple-dag.py                                      1           0  1.21s           2025-01-15T12:27:38                      12
================================================================================
[2025-01-15T12:29:02.153+0000] {manager.py:997} INFO - 
================================================================================
DAG File Processing Stats

File Path                                   PID    Runtime      # DAGs    # Errors  Last Runtime    Last Run               Last # of DB Queries
------------------------------------------  -----  ---------  --------  ----------  --------------  -------------------  ----------------------
/opt/airflow/dags/flight-price-pred-dag.py                           1           0  12.24s          2025-01-15T12:29:02                      10
/opt/airflow/dags/simple-dag.py                                      1           0  1.01s           2025-01-15T12:28:21                      12
================================================================================
[2025-01-15T12:29:03.286+0000] {manager.py:821} INFO - Searching for files in /opt/airflow/dags
[2025-01-15T12:29:03.297+0000] {manager.py:824} INFO - There are 2 files in /opt/airflow/dags
[2025-01-15T12:29:45.182+0000] {manager.py:997} INFO - 
================================================================================
DAG File Processing Stats

File Path                                   PID    Runtime      # DAGs    # Errors  Last Runtime    Last Run               Last # of DB Queries
------------------------------------------  -----  ---------  --------  ----------  --------------  -------------------  ----------------------
/opt/airflow/dags/flight-price-pred-dag.py                           1           0  12.84s          2025-01-15T12:29:45                      10
/opt/airflow/dags/simple-dag.py                                      1           0  0.81s           2025-01-15T12:29:04                      12
================================================================================
[2025-01-15T12:30:15.267+0000] {manager.py:997} INFO - 
================================================================================
DAG File Processing Stats

File Path                                   PID    Runtime      # DAGs    # Errors  Last Runtime    Last Run               Last # of DB Queries
------------------------------------------  -----  ---------  --------  ----------  --------------  -------------------  ----------------------
/opt/airflow/dags/flight-price-pred-dag.py                           1           0  12.63s          2025-01-15T12:30:05                      10
/opt/airflow/dags/simple-dag.py                                      1           0  0.91s           2025-01-15T12:29:47                      12
================================================================================
[2025-01-15T12:30:47.296+0000] {manager.py:997} INFO - 
================================================================================
DAG File Processing Stats

File Path                                   PID    Runtime      # DAGs    # Errors  Last Runtime    Last Run               Last # of DB Queries
------------------------------------------  -----  ---------  --------  ----------  --------------  -------------------  ----------------------
/opt/airflow/dags/flight-price-pred-dag.py                           1           0  12.04s          2025-01-15T12:30:47                      10
/opt/airflow/dags/simple-dag.py                                      1           0  0.81s           2025-01-15T12:30:18                      12
================================================================================
[2025-01-15T12:31:31.454+0000] {manager.py:997} INFO - 
================================================================================
DAG File Processing Stats

File Path                                   PID    Runtime      # DAGs    # Errors  Last Runtime    Last Run               Last # of DB Queries
------------------------------------------  -----  ---------  --------  ----------  --------------  -------------------  ----------------------
/opt/airflow/dags/flight-price-pred-dag.py                           1           0  15.47s          2025-01-15T12:31:31                      10
/opt/airflow/dags/simple-dag.py                                      1           0  0.91s           2025-01-15T12:30:49                      12
================================================================================
