[2025-01-15T12:20:57.484+0000] {local_task_job_runner.py:123} INFO - ::group::Pre task execution logs
[2025-01-15T12:20:57.501+0000] {taskinstance.py:2613} INFO - Dependencies all met for dep_context=non-requeueable deps ti=<TaskInstance: travel_price_prediction.load_data_task manual__2025-01-15T12:20:36.944886+00:00 [queued]>
[2025-01-15T12:20:57.511+0000] {taskinstance.py:2613} INFO - Dependencies all met for dep_context=requeueable deps ti=<TaskInstance: travel_price_prediction.load_data_task manual__2025-01-15T12:20:36.944886+00:00 [queued]>
[2025-01-15T12:20:57.511+0000] {taskinstance.py:2866} INFO - Starting attempt 1 of 2
[2025-01-15T12:20:57.552+0000] {taskinstance.py:2889} INFO - Executing <Task(PythonOperator): load_data_task> on 2025-01-15 12:20:36.944886+00:00
[2025-01-15T12:20:57.573+0000] {standard_task_runner.py:104} INFO - Running: ['airflow', 'tasks', 'run', 'travel_price_prediction', 'load_data_task', 'manual__2025-01-15T12:20:36.944886+00:00', '--job-id', '14', '--raw', '--subdir', 'DAGS_FOLDER/flight-price-pred-dag.py', '--cfg-path', '/tmp/tmpsx34y_0d']
[2025-01-15T12:20:57.574+0000] {standard_task_runner.py:105} INFO - Job 14: Subtask load_data_task
[2025-01-15T12:20:57.577+0000] {logging_mixin.py:190} WARNING - /home/airflow/.local/lib/python3.12/site-packages/airflow/task/task_runner/standard_task_runner.py:70 DeprecationWarning: This process (pid=291) is multi-threaded, use of fork() may lead to deadlocks in the child.
[2025-01-15T12:20:57.578+0000] {standard_task_runner.py:72} INFO - Started process 308 to run task
[2025-01-15T12:20:57.627+0000] {task_command.py:467} INFO - Running <TaskInstance: travel_price_prediction.load_data_task manual__2025-01-15T12:20:36.944886+00:00 [running]> on host 3576a91a75bb
[2025-01-15T12:20:59.063+0000] {taskinstance.py:3132} INFO - Exporting env vars: AIRFLOW_CTX_DAG_OWNER='admin' AIRFLOW_CTX_DAG_ID='travel_price_prediction' AIRFLOW_CTX_TASK_ID='load_data_task' AIRFLOW_CTX_EXECUTION_DATE='2025-01-15T12:20:36.944886+00:00' AIRFLOW_CTX_TRY_NUMBER='1' AIRFLOW_CTX_DAG_RUN_ID='manual__2025-01-15T12:20:36.944886+00:00'
[2025-01-15T12:20:59.064+0000] {taskinstance.py:731} INFO - ::endgroup::
[2025-01-15T12:21:01.205+0000] {logging_mixin.py:190} INFO - There are no missing values present
[2025-01-15T12:21:01.206+0000] {python.py:240} INFO - Done. Returned value was:         travelCode  userCode  ...       agency        date
0                0         0  ...  FlyingDrops  09/26/2019
1                0         0  ...  FlyingDrops  09/30/2019
2                1         0  ...      CloudFy  10/03/2019
3                1         0  ...      CloudFy  10/04/2019
4                2         0  ...      CloudFy  10/10/2019
...            ...       ...  ...          ...         ...
271883      135941      1339  ...      CloudFy  07/12/2020
271884      135942      1339  ...      CloudFy  07/16/2020
271885      135942      1339  ...      CloudFy  07/20/2020
271886      135943      1339  ...      CloudFy  07/23/2020
271887      135943      1339  ...      CloudFy  07/26/2020

[271888 rows x 10 columns]
[2025-01-15T12:21:03.423+0000] {taskinstance.py:340} INFO - ::group::Post task execution logs
[2025-01-15T12:21:03.424+0000] {taskinstance.py:352} INFO - Marking task as SUCCESS. dag_id=travel_price_prediction, task_id=load_data_task, run_id=manual__2025-01-15T12:20:36.944886+00:00, execution_date=20250115T122036, start_date=20250115T122057, end_date=20250115T122103
[2025-01-15T12:21:03.507+0000] {local_task_job_runner.py:266} INFO - Task exited with return code 0
[2025-01-15T12:21:03.531+0000] {taskinstance.py:3895} INFO - 1 downstream tasks scheduled from follow-on schedule check
[2025-01-15T12:21:03.557+0000] {local_task_job_runner.py:245} INFO - ::endgroup::
