[2025-01-15T12:22:05.741+0000] {local_task_job_runner.py:123} INFO - ::group::Pre task execution logs
[2025-01-15T12:22:05.757+0000] {taskinstance.py:2613} INFO - Dependencies all met for dep_context=non-requeueable deps ti=<TaskInstance: travel_price_prediction.random_forest_task manual__2025-01-15T12:20:36.944886+00:00 [queued]>
[2025-01-15T12:22:05.782+0000] {taskinstance.py:2613} INFO - Dependencies all met for dep_context=requeueable deps ti=<TaskInstance: travel_price_prediction.random_forest_task manual__2025-01-15T12:20:36.944886+00:00 [queued]>
[2025-01-15T12:22:05.783+0000] {taskinstance.py:2866} INFO - Starting attempt 1 of 2
[2025-01-15T12:22:05.841+0000] {taskinstance.py:2889} INFO - Executing <Task(PythonOperator): random_forest_task> on 2025-01-15 12:20:36.944886+00:00
[2025-01-15T12:22:05.862+0000] {standard_task_runner.py:104} INFO - Running: ['airflow', 'tasks', 'run', 'travel_price_prediction', 'random_forest_task', 'manual__2025-01-15T12:20:36.944886+00:00', '--job-id', '16', '--raw', '--subdir', 'DAGS_FOLDER/flight-price-pred-dag.py', '--cfg-path', '/tmp/tmpt0oc7r_p']
[2025-01-15T12:22:05.863+0000] {standard_task_runner.py:105} INFO - Job 16: Subtask random_forest_task
[2025-01-15T12:22:05.866+0000] {logging_mixin.py:190} WARNING - /home/airflow/.local/lib/python3.12/site-packages/airflow/task/task_runner/standard_task_runner.py:70 DeprecationWarning: This process (pid=368) is multi-threaded, use of fork() may lead to deadlocks in the child.
[2025-01-15T12:22:05.867+0000] {standard_task_runner.py:72} INFO - Started process 385 to run task
[2025-01-15T12:22:05.959+0000] {task_command.py:467} INFO - Running <TaskInstance: travel_price_prediction.random_forest_task manual__2025-01-15T12:20:36.944886+00:00 [running]> on host 3576a91a75bb
[2025-01-15T12:22:06.303+0000] {taskinstance.py:3132} INFO - Exporting env vars: AIRFLOW_CTX_DAG_OWNER='admin' AIRFLOW_CTX_DAG_ID='travel_price_prediction' AIRFLOW_CTX_TASK_ID='random_forest_task' AIRFLOW_CTX_EXECUTION_DATE='2025-01-15T12:20:36.944886+00:00' AIRFLOW_CTX_TRY_NUMBER='1' AIRFLOW_CTX_DAG_RUN_ID='manual__2025-01-15T12:20:36.944886+00:00'
[2025-01-15T12:22:06.304+0000] {taskinstance.py:731} INFO - ::endgroup::
[2025-01-15T12:22:06.315+0000] {logging_mixin.py:190} INFO - Fitting 5 folds for each of 8 candidates, totalling 40 fits
[2025-01-15T12:22:06.563+0000] {logging_mixin.py:190} INFO - [CV] END max_depth=10, max_features=10, max_leaf_nodes=50, random_state=42; total time=   0.2s
[2025-01-15T12:22:06.730+0000] {logging_mixin.py:190} INFO - [CV] END max_depth=10, max_features=10, max_leaf_nodes=50, random_state=42; total time=   0.2s
[2025-01-15T12:22:06.885+0000] {logging_mixin.py:190} INFO - [CV] END max_depth=10, max_features=10, max_leaf_nodes=50, random_state=42; total time=   0.2s
[2025-01-15T12:22:07.098+0000] {logging_mixin.py:190} INFO - [CV] END max_depth=10, max_features=10, max_leaf_nodes=50, random_state=42; total time=   0.2s
[2025-01-15T12:22:07.267+0000] {logging_mixin.py:190} INFO - [CV] END max_depth=10, max_features=10, max_leaf_nodes=50, random_state=42; total time=   0.2s
[2025-01-15T12:22:07.489+0000] {logging_mixin.py:190} INFO - [CV] END max_depth=10, max_features=10, max_leaf_nodes=100, random_state=42; total time=   0.2s
[2025-01-15T12:22:07.676+0000] {logging_mixin.py:190} INFO - [CV] END max_depth=10, max_features=10, max_leaf_nodes=100, random_state=42; total time=   0.2s
[2025-01-15T12:22:07.876+0000] {logging_mixin.py:190} INFO - [CV] END max_depth=10, max_features=10, max_leaf_nodes=100, random_state=42; total time=   0.2s
[2025-01-15T12:22:08.180+0000] {logging_mixin.py:190} INFO - [CV] END max_depth=10, max_features=10, max_leaf_nodes=100, random_state=42; total time=   0.3s
[2025-01-15T12:22:08.529+0000] {logging_mixin.py:190} INFO - [CV] END max_depth=10, max_features=10, max_leaf_nodes=100, random_state=42; total time=   0.3s
[2025-01-15T12:22:08.816+0000] {logging_mixin.py:190} INFO - [CV] END max_depth=10, max_features=20, max_leaf_nodes=50, random_state=42; total time=   0.3s
[2025-01-15T12:22:09.195+0000] {logging_mixin.py:190} INFO - [CV] END max_depth=10, max_features=20, max_leaf_nodes=50, random_state=42; total time=   0.4s
[2025-01-15T12:22:09.500+0000] {logging_mixin.py:190} INFO - [CV] END max_depth=10, max_features=20, max_leaf_nodes=50, random_state=42; total time=   0.3s
[2025-01-15T12:22:09.782+0000] {logging_mixin.py:190} INFO - [CV] END max_depth=10, max_features=20, max_leaf_nodes=50, random_state=42; total time=   0.3s
[2025-01-15T12:22:10.057+0000] {logging_mixin.py:190} INFO - [CV] END max_depth=10, max_features=20, max_leaf_nodes=50, random_state=42; total time=   0.3s
[2025-01-15T12:22:10.393+0000] {logging_mixin.py:190} INFO - [CV] END max_depth=10, max_features=20, max_leaf_nodes=100, random_state=42; total time=   0.3s
[2025-01-15T12:22:10.679+0000] {logging_mixin.py:190} INFO - [CV] END max_depth=10, max_features=20, max_leaf_nodes=100, random_state=42; total time=   0.3s
[2025-01-15T12:22:10.977+0000] {logging_mixin.py:190} INFO - [CV] END max_depth=10, max_features=20, max_leaf_nodes=100, random_state=42; total time=   0.3s
[2025-01-15T12:22:11.291+0000] {logging_mixin.py:190} INFO - [CV] END max_depth=10, max_features=20, max_leaf_nodes=100, random_state=42; total time=   0.3s
[2025-01-15T12:22:11.585+0000] {logging_mixin.py:190} INFO - [CV] END max_depth=10, max_features=20, max_leaf_nodes=100, random_state=42; total time=   0.3s
[2025-01-15T12:22:11.753+0000] {logging_mixin.py:190} INFO - [CV] END max_depth=14, max_features=10, max_leaf_nodes=50, random_state=42; total time=   0.2s
[2025-01-15T12:22:11.909+0000] {logging_mixin.py:190} INFO - [CV] END max_depth=14, max_features=10, max_leaf_nodes=50, random_state=42; total time=   0.2s
[2025-01-15T12:22:12.075+0000] {logging_mixin.py:190} INFO - [CV] END max_depth=14, max_features=10, max_leaf_nodes=50, random_state=42; total time=   0.2s
[2025-01-15T12:22:12.242+0000] {logging_mixin.py:190} INFO - [CV] END max_depth=14, max_features=10, max_leaf_nodes=50, random_state=42; total time=   0.2s
[2025-01-15T12:22:12.397+0000] {logging_mixin.py:190} INFO - [CV] END max_depth=14, max_features=10, max_leaf_nodes=50, random_state=42; total time=   0.2s
[2025-01-15T12:22:12.573+0000] {logging_mixin.py:190} INFO - [CV] END max_depth=14, max_features=10, max_leaf_nodes=100, random_state=42; total time=   0.2s
[2025-01-15T12:22:12.749+0000] {logging_mixin.py:190} INFO - [CV] END max_depth=14, max_features=10, max_leaf_nodes=100, random_state=42; total time=   0.2s
[2025-01-15T12:22:12.928+0000] {logging_mixin.py:190} INFO - [CV] END max_depth=14, max_features=10, max_leaf_nodes=100, random_state=42; total time=   0.2s
[2025-01-15T12:22:13.103+0000] {logging_mixin.py:190} INFO - [CV] END max_depth=14, max_features=10, max_leaf_nodes=100, random_state=42; total time=   0.2s
[2025-01-15T12:22:13.280+0000] {logging_mixin.py:190} INFO - [CV] END max_depth=14, max_features=10, max_leaf_nodes=100, random_state=42; total time=   0.2s
[2025-01-15T12:22:13.535+0000] {logging_mixin.py:190} INFO - [CV] END max_depth=14, max_features=20, max_leaf_nodes=50, random_state=42; total time=   0.3s
[2025-01-15T12:22:13.829+0000] {logging_mixin.py:190} INFO - [CV] END max_depth=14, max_features=20, max_leaf_nodes=50, random_state=42; total time=   0.3s
[2025-01-15T12:22:14.122+0000] {logging_mixin.py:190} INFO - [CV] END max_depth=14, max_features=20, max_leaf_nodes=50, random_state=42; total time=   0.3s
[2025-01-15T12:22:14.395+0000] {logging_mixin.py:190} INFO - [CV] END max_depth=14, max_features=20, max_leaf_nodes=50, random_state=42; total time=   0.3s
[2025-01-15T12:22:14.673+0000] {logging_mixin.py:190} INFO - [CV] END max_depth=14, max_features=20, max_leaf_nodes=50, random_state=42; total time=   0.3s
[2025-01-15T12:22:15.004+0000] {logging_mixin.py:190} INFO - [CV] END max_depth=14, max_features=20, max_leaf_nodes=100, random_state=42; total time=   0.3s
[2025-01-15T12:22:15.303+0000] {logging_mixin.py:190} INFO - [CV] END max_depth=14, max_features=20, max_leaf_nodes=100, random_state=42; total time=   0.3s
[2025-01-15T12:22:15.674+0000] {logging_mixin.py:190} INFO - [CV] END max_depth=14, max_features=20, max_leaf_nodes=100, random_state=42; total time=   0.4s
[2025-01-15T12:22:16.032+0000] {logging_mixin.py:190} INFO - [CV] END max_depth=14, max_features=20, max_leaf_nodes=100, random_state=42; total time=   0.4s
[2025-01-15T12:22:16.416+0000] {logging_mixin.py:190} INFO - [CV] END max_depth=14, max_features=20, max_leaf_nodes=100, random_state=42; total time=   0.4s
[2025-01-15T12:22:16.893+0000] {logging_mixin.py:190} INFO - Train Set Metrics:
[2025-01-15T12:22:16.894+0000] {logging_mixin.py:190} INFO - ----------------------------------------------
[2025-01-15T12:22:16.905+0000] {logging_mixin.py:190} INFO - MSE is 1957.1893811193254
[2025-01-15T12:22:16.906+0000] {logging_mixin.py:190} INFO - R2 score is 0.985074399328493
[2025-01-15T12:22:16.906+0000] {logging_mixin.py:190} INFO - Test Set Metrics
[2025-01-15T12:22:16.907+0000] {logging_mixin.py:190} INFO - ----------------------------------------------
[2025-01-15T12:22:16.913+0000] {logging_mixin.py:190} INFO - MSE is 1971.8623612523797
[2025-01-15T12:22:16.914+0000] {logging_mixin.py:190} INFO - R2 score is 0.9850259349985842
[2025-01-15T12:22:16.917+0000] {logging_mixin.py:190} INFO - The top 5 rows of actual vs predicted values
[2025-01-15T12:22:16.921+0000] {logging_mixin.py:190} INFO -     Actual Value  Predicted Value
0        481.42       475.535633
1       1124.11      1110.704318
2       1174.97      1188.667605
3        898.67       884.637434
4        959.91       906.482251
[2025-01-15T12:22:16.922+0000] {python.py:240} INFO - Done. Returned value was: None
[2025-01-15T12:22:16.929+0000] {taskinstance.py:340} INFO - ::group::Post task execution logs
[2025-01-15T12:22:16.930+0000] {taskinstance.py:352} INFO - Marking task as SUCCESS. dag_id=travel_price_prediction, task_id=random_forest_task, run_id=manual__2025-01-15T12:20:36.944886+00:00, execution_date=20250115T122036, start_date=20250115T122205, end_date=20250115T122216
[2025-01-15T12:22:17.004+0000] {local_task_job_runner.py:266} INFO - Task exited with return code 0
[2025-01-15T12:22:17.015+0000] {taskinstance.py:3895} INFO - 0 downstream tasks scheduled from follow-on schedule check
[2025-01-15T12:22:17.016+0000] {local_task_job_runner.py:245} INFO - ::endgroup::
