[2025-01-15T12:53:24.120+0000] {local_task_job_runner.py:123} INFO - ::group::Pre task execution logs
[2025-01-15T12:53:24.134+0000] {taskinstance.py:2613} INFO - Dependencies all met for dep_context=non-requeueable deps ti=<TaskInstance: travel_price_prediction.random_forest_task manual__2025-01-15T12:52:33.953897+00:00 [queued]>
[2025-01-15T12:53:24.144+0000] {taskinstance.py:2613} INFO - Dependencies all met for dep_context=requeueable deps ti=<TaskInstance: travel_price_prediction.random_forest_task manual__2025-01-15T12:52:33.953897+00:00 [queued]>
[2025-01-15T12:53:24.146+0000] {taskinstance.py:2866} INFO - Starting attempt 1 of 2
[2025-01-15T12:53:24.166+0000] {taskinstance.py:2889} INFO - Executing <Task(PythonOperator): random_forest_task> on 2025-01-15 12:52:33.953897+00:00
[2025-01-15T12:53:24.180+0000] {standard_task_runner.py:104} INFO - Running: ['airflow', 'tasks', 'run', 'travel_price_prediction', 'random_forest_task', 'manual__2025-01-15T12:52:33.953897+00:00', '--job-id', '25', '--raw', '--subdir', 'DAGS_FOLDER/flight-price-pred-dag.py', '--cfg-path', '/tmp/tmpo50kbokc']
[2025-01-15T12:53:24.181+0000] {standard_task_runner.py:105} INFO - Job 25: Subtask random_forest_task
[2025-01-15T12:53:24.183+0000] {logging_mixin.py:190} WARNING - /home/airflow/.local/lib/python3.12/site-packages/airflow/task/task_runner/standard_task_runner.py:70 DeprecationWarning: This process (pid=756) is multi-threaded, use of fork() may lead to deadlocks in the child.
[2025-01-15T12:53:24.183+0000] {standard_task_runner.py:72} INFO - Started process 773 to run task
[2025-01-15T12:53:24.228+0000] {task_command.py:467} INFO - Running <TaskInstance: travel_price_prediction.random_forest_task manual__2025-01-15T12:52:33.953897+00:00 [running]> on host 8cbc293a4ff9
[2025-01-15T12:53:24.449+0000] {taskinstance.py:3132} INFO - Exporting env vars: AIRFLOW_CTX_DAG_OWNER='admin' AIRFLOW_CTX_DAG_ID='travel_price_prediction' AIRFLOW_CTX_TASK_ID='random_forest_task' AIRFLOW_CTX_EXECUTION_DATE='2025-01-15T12:52:33.953897+00:00' AIRFLOW_CTX_TRY_NUMBER='1' AIRFLOW_CTX_DAG_RUN_ID='manual__2025-01-15T12:52:33.953897+00:00'
[2025-01-15T12:53:24.450+0000] {taskinstance.py:731} INFO - ::endgroup::
[2025-01-15T12:53:24.866+0000] {logging_mixin.py:190} INFO - Train Set Metrics:
[2025-01-15T12:53:24.868+0000] {logging_mixin.py:190} INFO - ----------------------------------------------
[2025-01-15T12:53:24.889+0000] {logging_mixin.py:190} INFO - MSE is 10594.059449457662
[2025-01-15T12:53:24.889+0000] {logging_mixin.py:190} INFO - R2 score is 0.9192092996425417
[2025-01-15T12:53:24.890+0000] {logging_mixin.py:190} INFO - Test Set Metrics
[2025-01-15T12:53:24.890+0000] {logging_mixin.py:190} INFO - ----------------------------------------------
[2025-01-15T12:53:24.900+0000] {logging_mixin.py:190} INFO - MSE is 10568.550202916464
[2025-01-15T12:53:24.901+0000] {logging_mixin.py:190} INFO - R2 score is 0.9197438113232779
[2025-01-15T12:53:24.906+0000] {logging_mixin.py:190} INFO - The top 5 rows of actual vs predicted values for linear regression
[2025-01-15T12:53:24.911+0000] {logging_mixin.py:190} INFO -     Actual Value   Predicted Value
0         481.42       507.672836
1        1124.11      1152.858282
2        1174.97      1259.867871
3         898.67      1032.106454
4         959.91       995.825670
[2025-01-15T12:53:24.911+0000] {python.py:240} INFO - Done. Returned value was: None
[2025-01-15T12:53:24.919+0000] {taskinstance.py:340} INFO - ::group::Post task execution logs
[2025-01-15T12:53:24.919+0000] {taskinstance.py:352} INFO - Marking task as SUCCESS. dag_id=travel_price_prediction, task_id=random_forest_task, run_id=manual__2025-01-15T12:52:33.953897+00:00, execution_date=20250115T125233, start_date=20250115T125324, end_date=20250115T125324
[2025-01-15T12:53:24.961+0000] {local_task_job_runner.py:266} INFO - Task exited with return code 0
[2025-01-15T12:53:24.972+0000] {taskinstance.py:3895} INFO - 0 downstream tasks scheduled from follow-on schedule check
[2025-01-15T12:53:24.973+0000] {local_task_job_runner.py:245} INFO - ::endgroup::
