[2025-01-15T12:53:07.943+0000] {local_task_job_runner.py:123} INFO - ::group::Pre task execution logs
[2025-01-15T12:53:07.958+0000] {taskinstance.py:2613} INFO - Dependencies all met for dep_context=non-requeueable deps ti=<TaskInstance: travel_price_prediction.decision_tree__task manual__2025-01-15T12:52:33.953897+00:00 [queued]>
[2025-01-15T12:53:07.967+0000] {taskinstance.py:2613} INFO - Dependencies all met for dep_context=requeueable deps ti=<TaskInstance: travel_price_prediction.decision_tree__task manual__2025-01-15T12:52:33.953897+00:00 [queued]>
[2025-01-15T12:53:07.982+0000] {taskinstance.py:2866} INFO - Starting attempt 1 of 2
[2025-01-15T12:53:08.048+0000] {taskinstance.py:2889} INFO - Executing <Task(PythonOperator): decision_tree__task> on 2025-01-15 12:52:33.953897+00:00
[2025-01-15T12:53:08.095+0000] {standard_task_runner.py:104} INFO - Running: ['airflow', 'tasks', 'run', 'travel_price_prediction', 'decision_tree__task', 'manual__2025-01-15T12:52:33.953897+00:00', '--job-id', '24', '--raw', '--subdir', 'DAGS_FOLDER/flight-price-pred-dag.py', '--cfg-path', '/tmp/tmp_og4xiew']
[2025-01-15T12:53:08.097+0000] {standard_task_runner.py:105} INFO - Job 24: Subtask decision_tree__task
[2025-01-15T12:53:08.098+0000] {logging_mixin.py:190} WARNING - /home/airflow/.local/lib/python3.12/site-packages/airflow/task/task_runner/standard_task_runner.py:70 DeprecationWarning: This process (pid=737) is multi-threaded, use of fork() may lead to deadlocks in the child.
[2025-01-15T12:53:08.099+0000] {standard_task_runner.py:72} INFO - Started process 754 to run task
[2025-01-15T12:53:08.184+0000] {task_command.py:467} INFO - Running <TaskInstance: travel_price_prediction.decision_tree__task manual__2025-01-15T12:52:33.953897+00:00 [running]> on host 8cbc293a4ff9
[2025-01-15T12:53:08.438+0000] {taskinstance.py:3132} INFO - Exporting env vars: AIRFLOW_CTX_DAG_OWNER='admin' AIRFLOW_CTX_DAG_ID='travel_price_prediction' AIRFLOW_CTX_TASK_ID='decision_tree__task' AIRFLOW_CTX_EXECUTION_DATE='2025-01-15T12:52:33.953897+00:00' AIRFLOW_CTX_TRY_NUMBER='1' AIRFLOW_CTX_DAG_RUN_ID='manual__2025-01-15T12:52:33.953897+00:00'
[2025-01-15T12:53:08.439+0000] {taskinstance.py:731} INFO - ::endgroup::
[2025-01-15T12:53:08.449+0000] {logging_mixin.py:190} INFO - Fitting 5 folds for each of 8 candidates, totalling 40 fits
[2025-01-15T12:53:08.783+0000] {logging_mixin.py:190} INFO - [CV] END max_depth=10, max_features=10, max_leaf_nodes=50, random_state=42; total time=   0.3s
[2025-01-15T12:53:09.020+0000] {logging_mixin.py:190} INFO - [CV] END max_depth=10, max_features=10, max_leaf_nodes=50, random_state=42; total time=   0.2s
[2025-01-15T12:53:09.178+0000] {logging_mixin.py:190} INFO - [CV] END max_depth=10, max_features=10, max_leaf_nodes=50, random_state=42; total time=   0.2s
[2025-01-15T12:53:09.336+0000] {logging_mixin.py:190} INFO - [CV] END max_depth=10, max_features=10, max_leaf_nodes=50, random_state=42; total time=   0.2s
[2025-01-15T12:53:09.522+0000] {logging_mixin.py:190} INFO - [CV] END max_depth=10, max_features=10, max_leaf_nodes=50, random_state=42; total time=   0.2s
[2025-01-15T12:53:09.703+0000] {logging_mixin.py:190} INFO - [CV] END max_depth=10, max_features=10, max_leaf_nodes=100, random_state=42; total time=   0.2s
[2025-01-15T12:53:09.914+0000] {logging_mixin.py:190} INFO - [CV] END max_depth=10, max_features=10, max_leaf_nodes=100, random_state=42; total time=   0.2s
[2025-01-15T12:53:10.109+0000] {logging_mixin.py:190} INFO - [CV] END max_depth=10, max_features=10, max_leaf_nodes=100, random_state=42; total time=   0.2s
[2025-01-15T12:53:10.291+0000] {logging_mixin.py:190} INFO - [CV] END max_depth=10, max_features=10, max_leaf_nodes=100, random_state=42; total time=   0.2s
[2025-01-15T12:53:10.468+0000] {logging_mixin.py:190} INFO - [CV] END max_depth=10, max_features=10, max_leaf_nodes=100, random_state=42; total time=   0.2s
[2025-01-15T12:53:10.731+0000] {logging_mixin.py:190} INFO - [CV] END max_depth=10, max_features=20, max_leaf_nodes=50, random_state=42; total time=   0.3s
[2025-01-15T12:53:11.019+0000] {logging_mixin.py:190} INFO - [CV] END max_depth=10, max_features=20, max_leaf_nodes=50, random_state=42; total time=   0.3s
[2025-01-15T12:53:11.324+0000] {logging_mixin.py:190} INFO - [CV] END max_depth=10, max_features=20, max_leaf_nodes=50, random_state=42; total time=   0.3s
[2025-01-15T12:53:11.586+0000] {logging_mixin.py:190} INFO - [CV] END max_depth=10, max_features=20, max_leaf_nodes=50, random_state=42; total time=   0.3s
[2025-01-15T12:53:11.841+0000] {logging_mixin.py:190} INFO - [CV] END max_depth=10, max_features=20, max_leaf_nodes=50, random_state=42; total time=   0.3s
[2025-01-15T12:53:12.151+0000] {logging_mixin.py:190} INFO - [CV] END max_depth=10, max_features=20, max_leaf_nodes=100, random_state=42; total time=   0.3s
[2025-01-15T12:53:12.447+0000] {logging_mixin.py:190} INFO - [CV] END max_depth=10, max_features=20, max_leaf_nodes=100, random_state=42; total time=   0.3s
[2025-01-15T12:53:12.747+0000] {logging_mixin.py:190} INFO - [CV] END max_depth=10, max_features=20, max_leaf_nodes=100, random_state=42; total time=   0.3s
[2025-01-15T12:53:13.059+0000] {logging_mixin.py:190} INFO - [CV] END max_depth=10, max_features=20, max_leaf_nodes=100, random_state=42; total time=   0.3s
[2025-01-15T12:53:13.551+0000] {logging_mixin.py:190} INFO - [CV] END max_depth=10, max_features=20, max_leaf_nodes=100, random_state=42; total time=   0.5s
[2025-01-15T12:53:13.733+0000] {logging_mixin.py:190} INFO - [CV] END max_depth=14, max_features=10, max_leaf_nodes=50, random_state=42; total time=   0.2s
[2025-01-15T12:53:13.896+0000] {logging_mixin.py:190} INFO - [CV] END max_depth=14, max_features=10, max_leaf_nodes=50, random_state=42; total time=   0.2s
[2025-01-15T12:53:14.064+0000] {logging_mixin.py:190} INFO - [CV] END max_depth=14, max_features=10, max_leaf_nodes=50, random_state=42; total time=   0.2s
[2025-01-15T12:53:14.242+0000] {logging_mixin.py:190} INFO - [CV] END max_depth=14, max_features=10, max_leaf_nodes=50, random_state=42; total time=   0.2s
[2025-01-15T12:53:14.406+0000] {logging_mixin.py:190} INFO - [CV] END max_depth=14, max_features=10, max_leaf_nodes=50, random_state=42; total time=   0.2s
[2025-01-15T12:53:14.586+0000] {logging_mixin.py:190} INFO - [CV] END max_depth=14, max_features=10, max_leaf_nodes=100, random_state=42; total time=   0.2s
[2025-01-15T12:53:14.770+0000] {logging_mixin.py:190} INFO - [CV] END max_depth=14, max_features=10, max_leaf_nodes=100, random_state=42; total time=   0.2s
[2025-01-15T12:53:14.964+0000] {logging_mixin.py:190} INFO - [CV] END max_depth=14, max_features=10, max_leaf_nodes=100, random_state=42; total time=   0.2s
[2025-01-15T12:53:15.153+0000] {logging_mixin.py:190} INFO - [CV] END max_depth=14, max_features=10, max_leaf_nodes=100, random_state=42; total time=   0.2s
[2025-01-15T12:53:15.355+0000] {logging_mixin.py:190} INFO - [CV] END max_depth=14, max_features=10, max_leaf_nodes=100, random_state=42; total time=   0.2s
[2025-01-15T12:53:15.623+0000] {logging_mixin.py:190} INFO - [CV] END max_depth=14, max_features=20, max_leaf_nodes=50, random_state=42; total time=   0.3s
[2025-01-15T12:53:15.891+0000] {logging_mixin.py:190} INFO - [CV] END max_depth=14, max_features=20, max_leaf_nodes=50, random_state=42; total time=   0.3s
[2025-01-15T12:53:16.179+0000] {logging_mixin.py:190} INFO - [CV] END max_depth=14, max_features=20, max_leaf_nodes=50, random_state=42; total time=   0.3s
[2025-01-15T12:53:16.447+0000] {logging_mixin.py:190} INFO - [CV] END max_depth=14, max_features=20, max_leaf_nodes=50, random_state=42; total time=   0.3s
[2025-01-15T12:53:16.722+0000] {logging_mixin.py:190} INFO - [CV] END max_depth=14, max_features=20, max_leaf_nodes=50, random_state=42; total time=   0.3s
[2025-01-15T12:53:17.032+0000] {logging_mixin.py:190} INFO - [CV] END max_depth=14, max_features=20, max_leaf_nodes=100, random_state=42; total time=   0.3s
[2025-01-15T12:53:17.340+0000] {logging_mixin.py:190} INFO - [CV] END max_depth=14, max_features=20, max_leaf_nodes=100, random_state=42; total time=   0.3s
[2025-01-15T12:53:17.676+0000] {logging_mixin.py:190} INFO - [CV] END max_depth=14, max_features=20, max_leaf_nodes=100, random_state=42; total time=   0.3s
[2025-01-15T12:53:17.978+0000] {logging_mixin.py:190} INFO - [CV] END max_depth=14, max_features=20, max_leaf_nodes=100, random_state=42; total time=   0.3s
[2025-01-15T12:53:18.307+0000] {logging_mixin.py:190} INFO - [CV] END max_depth=14, max_features=20, max_leaf_nodes=100, random_state=42; total time=   0.3s
[2025-01-15T12:53:18.766+0000] {logging_mixin.py:190} INFO - Train Set Metrics:
[2025-01-15T12:53:18.766+0000] {logging_mixin.py:190} INFO - ----------------------------------------------
[2025-01-15T12:53:18.779+0000] {logging_mixin.py:190} INFO - MSE is 1957.1893811193254
[2025-01-15T12:53:18.780+0000] {logging_mixin.py:190} INFO - R2 score is 0.985074399328493
[2025-01-15T12:53:18.781+0000] {logging_mixin.py:190} INFO - Test Set Metrics
[2025-01-15T12:53:18.782+0000] {logging_mixin.py:190} INFO - ----------------------------------------------
[2025-01-15T12:53:18.788+0000] {logging_mixin.py:190} INFO - MSE is 1971.8623612523797
[2025-01-15T12:53:18.789+0000] {logging_mixin.py:190} INFO - R2 score is 0.9850259349985842
[2025-01-15T12:53:18.794+0000] {logging_mixin.py:190} INFO - The top 5 rows of actual vs predicted values for Decision tree
[2025-01-15T12:53:18.799+0000] {logging_mixin.py:190} INFO -     Actual Value  Predicted Value
0        481.42       475.535633
1       1124.11      1110.704318
2       1174.97      1188.667605
3        898.67       884.637434
4        959.91       906.482251
[2025-01-15T12:53:18.800+0000] {python.py:240} INFO - Done. Returned value was: None
[2025-01-15T12:53:18.811+0000] {taskinstance.py:340} INFO - ::group::Post task execution logs
[2025-01-15T12:53:18.812+0000] {taskinstance.py:352} INFO - Marking task as SUCCESS. dag_id=travel_price_prediction, task_id=decision_tree__task, run_id=manual__2025-01-15T12:52:33.953897+00:00, execution_date=20250115T125233, start_date=20250115T125307, end_date=20250115T125318
[2025-01-15T12:53:18.862+0000] {local_task_job_runner.py:266} INFO - Task exited with return code 0
[2025-01-15T12:53:18.876+0000] {taskinstance.py:3895} INFO - 0 downstream tasks scheduled from follow-on schedule check
[2025-01-15T12:53:18.877+0000] {local_task_job_runner.py:245} INFO - ::endgroup::
